<?xml version="1.0" encoding="UTF-8"?>
<!-- Generated by org.testng.reporters.JUnitReportReporter -->
<testsuite hostname="LAPTOP-RTTHD45C" name="GDN_Acco_Only.Test_of_search_Icon" tests="1" failures="0" timestamp="31 Jan 2021 19:06:10 GMT" time="33.138" errors="0">
  <testcase name="basePageNavigation" time="33.138" classname="GDN_Acco_Only.Test_of_search_Icon"/>
</testsuite> <!-- GDN_Acco_Only.Test_of_search_Icon -->
