<?xml version="1.0" encoding="UTF-8"?>
<!-- Generated by org.testng.reporters.JUnitReportReporter -->
<testsuite skipped="0" hostname="LAPTOP-RTTHD45C" name="IGT.ZZ_Onbarding.Homepage" tests="1" failures="0" timestamp="25 Oct 2020 18:49:27 GMT" time="39.581" errors="0">
  <testcase name="basePageNavigation" time="39.581" classname="IGT.ZZ_Onbarding.Homepage"/>
</testsuite> <!-- IGT.ZZ_Onbarding.Homepage -->
