<?xml version="1.0" encoding="UTF-8"?>
<!-- Generated by org.testng.reporters.JUnitReportReporter -->
<testsuite skipped="0" hostname="LAPTOP-RTTHD45C" name="IGT.ZZ_Onbarding.ThinkHRCreateCompanyAR" tests="1" failures="0" timestamp="04 Oct 2020 11:43:42 GMT" time="22.974" errors="0">
  <testcase name="basePageNavigation" time="22.974" classname="IGT.ZZ_Onbarding.ThinkHRCreateCompanyAR"/>
</testsuite> <!-- IGT.ZZ_Onbarding.ThinkHRCreateCompanyAR -->
