<?xml version="1.0" encoding="UTF-8"?>
<!-- Generated by org.testng.reporters.JUnitReportReporter -->
<testsuite skipped="0" hostname="LAPTOP-RTTHD45C" name="GDN_Acco_Only.Homepage" tests="2" failures="0" timestamp="04 Feb 2021 22:44:32 GMT" time="12.920" errors="0">
  <testcase name="Pageinit" time="7.127" classname="GDN_Acco_Only.Homepage"/>
  <testcase name="RandomDate" time="5.793" classname="GDN_Acco_Only.Homepage"/>
</testsuite> <!-- GDN_Acco_Only.Homepage -->
